<?xml version="1.0" encoding="UTF-8"?>
<!-- Generated by org.testng.reporters.JUnitReportReporter -->
<testsuite hostname="admin-PC" failures="0" tests="1" name="serialAndParallel.Ajio" time="106.740" errors="0" timestamp="2024-01-02T14:17:33 IST" skipped="0">
  <testcase classname="serialAndParallel.Ajio" name="ajioTest" time="106.740"/>
</testsuite> <!-- serialAndParallel.Ajio -->
