<?xml version="1.0" encoding="UTF-8"?>
<!-- Generated by org.testng.reporters.JUnitReportReporter -->
<testsuite hostname="admin-PC" failures="0" tests="1" name="testNGassertions.HardAssert" time="0.049" errors="0" timestamp="2023-12-29T14:42:20 IST" skipped="0">
  <testcase classname="testNGassertions.HardAssert" name="f" time="0.049"/>
</testsuite> <!-- testNGassertions.HardAssert -->
