<?xml version="1.0" encoding="UTF-8"?>
<!-- Generated by org.testng.reporters.JUnitReportReporter -->
<testsuite hostname="admin-PC" failures="0" tests="1" name="testNGKeyWords.TimeOutUse" time="5.027" errors="0" timestamp="2023-12-21T13:04:29 IST" skipped="0">
  <testcase classname="testNGKeyWords.TimeOutUse" name="payment" time="5.027">
    <system-out>
      <![CDATA[Payment done successfully]]>
    </system-out>
  </testcase> <!-- payment -->
  <system-out>
    <![CDATA[Payment done successfully]]>
  </system-out>
</testsuite> <!-- testNGKeyWords.TimeOutUse -->
