<?xml version="1.0" encoding="UTF-8"?>
<!-- Generated by org.testng.reporters.JUnitReportReporter -->
<testsuite hostname="admin-PC" failures="0" tests="1" name="coverFoxUsingTestNg.CF_TC555_Validate_search_results_for_healthcare_policies" time="48.377" errors="0" timestamp="2024-01-01T17:01:35 IST" skipped="0">
  <testcase classname="coverFoxUsingTestNg.CF_TC555_Validate_search_results_for_healthcare_policies" name="validateTestPlanFromTextAndBanners" time="48.377">
    <system-out>
      <![CDATA[fetching number of result from text
fetching number of result from Banners
TC is passed]]>
    </system-out>
  </testcase> <!-- validateTestPlanFromTextAndBanners -->
  <system-out>
    <![CDATA[Opening browser
clicking on gender button
clicking on next button
Handling age drop down
Entering pin code
Entering mobile num
clicking on continue button
fetching number of result from text
fetching number of result from Banners
TC is passed
Closing browser]]>
  </system-out>
</testsuite> <!-- coverFoxUsingTestNg.CF_TC555_Validate_search_results_for_healthcare_policies -->
