<?xml version="1.0" encoding="UTF-8"?>
<!-- Generated by org.testng.reporters.JUnitReportReporter -->
<testsuite hostname="admin-PC" failures="0" tests="5" name="testNGxmlUse.MyClass4" time="0.050" errors="0" timestamp="2023-12-23T19:00:55 IST" skipped="0">
  <testcase classname="testNGxmlUse.MyClass4" name="Tc5" time="0.002">
    <system-out>
      <![CDATA[TC5 is running]]>
    </system-out>
  </testcase> <!-- Tc5 -->
  <testcase classname="testNGxmlUse.MyClass4" name="Tc3" time="0.002">
    <system-out>
      <![CDATA[TC3 is running]]>
    </system-out>
  </testcase> <!-- Tc3 -->
  <testcase classname="testNGxmlUse.MyClass4" name="Tc1" time="0.043">
    <system-out>
      <![CDATA[TC1 is running]]>
    </system-out>
  </testcase> <!-- Tc1 -->
  <testcase classname="testNGxmlUse.MyClass4" name="Tc2" time="0.002">
    <system-out>
      <![CDATA[TC2 is running]]>
    </system-out>
  </testcase> <!-- Tc2 -->
  <testcase classname="testNGxmlUse.MyClass4" name="Tc4" time="0.001">
    <system-out>
      <![CDATA[TC4 is running]]>
    </system-out>
  </testcase> <!-- Tc4 -->
  <system-out>
    <![CDATA[TC1 is running
TC2 is running
TC3 is running
TC4 is running
TC5 is running]]>
  </system-out>
</testsuite> <!-- testNGxmlUse.MyClass4 -->
