<?xml version="1.0" encoding="UTF-8"?>
<!-- Generated by org.testng.reporters.JUnitReportReporter -->
<testsuite hostname="admin-PC" failures="0" tests="6" name="testNGKeyWords.MixeedkeyWords" time="0.032" errors="0" timestamp="2023-12-21T13:34:07 IST" skipped="0">
  <testcase classname="testNGKeyWords.MixeedkeyWords" name="a" time="0.002">
    <system-out>
      <![CDATA[TC a is running]]>
    </system-out>
  </testcase> <!-- a -->
  <testcase classname="testNGKeyWords.MixeedkeyWords" name="c" time="0.004">
    <system-out>
      <![CDATA[TC c is running]]>
    </system-out>
  </testcase> <!-- c -->
  <testcase classname="testNGKeyWords.MixeedkeyWords" name="b" time="0.015">
    <system-out>
      <![CDATA[TC b is running]]>
    </system-out>
  </testcase> <!-- b -->
  <testcase classname="testNGKeyWords.MixeedkeyWords" name="d" time="0.002">
    <system-out>
      <![CDATA[TC d is running]]>
    </system-out>
  </testcase> <!-- d -->
  <testcase classname="testNGKeyWords.MixeedkeyWords" name="d" time="0.004">
    <system-out>
      <![CDATA[TC d is running]]>
    </system-out>
  </testcase> <!-- d -->
  <testcase classname="testNGKeyWords.MixeedkeyWords" name="d" time="0.005">
    <system-out>
      <![CDATA[TC d is running]]>
    </system-out>
  </testcase> <!-- d -->
  <system-out>
    <![CDATA[TC b is running
TC c is running
TC d is running
TC d is running
TC d is running
TC a is running]]>
  </system-out>
</testsuite> <!-- testNGKeyWords.MixeedkeyWords -->
