<?xml version="1.0" encoding="UTF-8"?>
<!-- Generated by org.testng.reporters.JUnitReportReporter -->
<testsuite hostname="admin-PC" failures="0" tests="1" name="testNGStudy.TestNg1stClass" time="96.187" errors="0" timestamp="2023-12-16T16:23:46 IST" skipped="0">
  <testcase classname="testNGStudy.TestNg1stClass" name="myTest" time="96.187"/>
</testsuite> <!-- testNGStudy.TestNg1stClass -->
