<?xml version="1.0" encoding="UTF-8"?>
<!-- Generated by org.testng.reporters.JUnitReportReporter -->
<testsuite hostname="admin-PC" failures="0" tests="2" name="testNGxmlUse.MyClass3" time="0.015" errors="0" timestamp="2023-12-22T13:41:44 IST" skipped="0">
  <testcase classname="testNGxmlUse.MyClass3" name="Tc7" time="0.002">
    <system-out>
      <![CDATA[TC7 is running]]>
    </system-out>
  </testcase> <!-- Tc7 -->
  <testcase classname="testNGxmlUse.MyClass3" name="Tc6" time="0.013">
    <system-out>
      <![CDATA[TC6 is running]]>
    </system-out>
  </testcase> <!-- Tc6 -->
  <system-out>
    <![CDATA[TC6 is running
TC7 is running
TC1 is running
TC2 is running
TC3 is running]]>
  </system-out>
</testsuite> <!-- testNGxmlUse.MyClass3 -->
