<?xml version="1.0" encoding="UTF-8"?>
<!-- Generated by org.testng.reporters.JUnitReportReporter -->
<testsuite hostname="admin-PC" failures="0" tests="4" name="testNGKeyWords.EnabledUse" time="0.024" errors="0" timestamp="2023-12-21T13:07:53 IST" skipped="1">
  <testcase classname="testNGKeyWords.EnabledUse" name="a" time="0.017">
    <system-out>
      <![CDATA[TC a is running]]>
    </system-out>
  </testcase> <!-- a -->
  <testcase classname="testNGKeyWords.EnabledUse" name="c" time="0.003">
    <system-out>
      <![CDATA[TC c is running]]>
    </system-out>
  </testcase> <!-- c -->
  <testcase classname="testNGKeyWords.EnabledUse" name="d" time="0.004">
    <system-out>
      <![CDATA[TC d is running]]>
    </system-out>
  </testcase> <!-- d -->
  <testcase classname="testNGKeyWords.EnabledUse" name="b">
    <skipped/>
  </testcase> <!-- b -->
  <system-out>
    <![CDATA[TC a is running
TC c is running
TC d is running]]>
  </system-out>
</testsuite> <!-- testNGKeyWords.EnabledUse -->
