<?xml version="1.0" encoding="UTF-8"?>
<!-- Generated by org.testng.reporters.JUnitReportReporter -->
<testsuite hostname="admin-PC" failures="0" tests="1" name="testNGStudy.TestNgClass2" time="0.017" errors="0" timestamp="2009-01-01T00:33:43 IST" skipped="0">
  <testcase classname="testNGStudy.TestNgClass2" name="myMethod" time="0.017">
    <system-out>
      <![CDATA[HI this is Reporter,without boolean parameter
HI this is Reporter,with boolean parameter]]>
    </system-out>
  </testcase> <!-- myMethod -->
  <system-out>
    <![CDATA[HI this is Reporter,without boolean parameter
HI this is Reporter,with boolean parameter]]>
  </system-out>
</testsuite> <!-- testNGStudy.TestNgClass2 -->
