<?xml version="1.0" encoding="UTF-8"?>
<!-- Generated by org.testng.reporters.JUnitReportReporter -->
<testsuite hostname="admin-PC" failures="0" tests="2" name="testNGxmlUse.MyClass" time="0.018" errors="0" timestamp="2023-12-22T13:21:41 IST" skipped="0">
  <testcase classname="testNGxmlUse.MyClass" name="Tc4" time="0.003">
    <system-out>
      <![CDATA[TC4 is running]]>
    </system-out>
  </testcase> <!-- Tc4 -->
  <testcase classname="testNGxmlUse.MyClass" name="Tc1" time="0.015">
    <system-out>
      <![CDATA[TC1 is running]]>
    </system-out>
  </testcase> <!-- Tc1 -->
  <system-out>
    <![CDATA[TC1 is running
TC4 is running
TC5 is running
TC6 is running
TC8 is running]]>
  </system-out>
</testsuite> <!-- testNGxmlUse.MyClass -->
