<?xml version="1.0" encoding="UTF-8"?>
<!-- Generated by org.testng.reporters.JUnitReportReporter -->
<testsuite hostname="admin-PC" failures="0" tests="2" name="testNgAnnotations.BeforeClassUse" time="0.033" errors="0" timestamp="2023-12-29T16:41:52 IST" skipped="0">
  <testcase classname="testNgAnnotations.BeforeClassUse" name="TC2" time="0.006">
    <system-out>
      <![CDATA[TC2 is running]]>
    </system-out>
  </testcase> <!-- TC2 -->
  <testcase classname="testNgAnnotations.BeforeClassUse" name="TC1" time="0.027">
    <system-out>
      <![CDATA[TC1 is running]]>
    </system-out>
  </testcase> <!-- TC1 -->
  <system-out>
    <![CDATA[Open browser-->Before class
Before Method is running
TC1 is running
after Method is running
Before Method is running
TC2 is running
after Method is running
Close browser-->After class]]>
  </system-out>
</testsuite> <!-- testNgAnnotations.BeforeClassUse -->
