<?xml version="1.0" encoding="UTF-8"?>
<!-- Generated by org.testng.reporters.JUnitReportReporter -->
<testsuite hostname="admin-PC" failures="0" tests="3" name="testNGStudy.TestNGClass3" time="158.934" errors="0" timestamp="2023-12-17T16:30:20 IST" skipped="0">
  <testcase classname="testNGStudy.TestNGClass3" name="twitterLaunch" time="65.974">
    <system-out>
      <![CDATA[Titter launching]]>
    </system-out>
  </testcase> <!-- twitterLaunch -->
  <testcase classname="testNGStudy.TestNGClass3" name="InstaLaunch" time="51.166">
    <system-out>
      <![CDATA[Insta launching]]>
    </system-out>
  </testcase> <!-- InstaLaunch -->
  <testcase classname="testNGStudy.TestNGClass3" name="fbLaunch" time="41.794">
    <system-out>
      <![CDATA[FB launching]]>
    </system-out>
  </testcase> <!-- fbLaunch -->
  <system-out>
    <![CDATA[Insta launching
FB launching
Titter launching]]>
  </system-out>
</testsuite> <!-- testNGStudy.TestNGClass3 -->
