<?xml version="1.0" encoding="UTF-8"?>
<!-- Generated by org.testng.reporters.JUnitReportReporter -->
<testsuite hostname="admin-PC" failures="0" tests="2" name="testNgAnnotations.BeforeMethodUse" time="0.150" errors="0" timestamp="2023-12-21T13:57:45 IST" skipped="0">
  <testcase classname="testNgAnnotations.BeforeMethodUse" name="myMethod2" time="0.004">
    <system-out>
      <![CDATA[TC myMethod2 is running]]>
    </system-out>
  </testcase> <!-- myMethod2 -->
  <testcase classname="testNgAnnotations.BeforeMethodUse" name="myMethod1" time="0.146">
    <system-out>
      <![CDATA[TC myMethod1 is running]]>
    </system-out>
  </testcase> <!-- myMethod1 -->
  <system-out>
    <![CDATA[Login is done
TC myMethod1 is running
LogOut is done
Login is done
TC myMethod2 is running
LogOut is done]]>
  </system-out>
</testsuite> <!-- testNgAnnotations.BeforeMethodUse -->
