<?xml version="1.0" encoding="UTF-8"?>
<!-- Generated by org.testng.reporters.JUnitReportReporter -->
<testsuite hostname="admin-PC" failures="0" tests="3" name="dataProvider.FBAccountForm" time="132.677" errors="0" timestamp="2024-01-01T17:44:09 IST" skipped="0">
  <testcase classname="dataProvider.FBAccountForm" name="fbTest" time="47.174"/>
  <testcase classname="dataProvider.FBAccountForm" name="fbTest" time="39.513"/>
  <testcase classname="dataProvider.FBAccountForm" name="fbTest" time="45.990"/>
</testsuite> <!-- dataProvider.FBAccountForm -->
