<?xml version="1.0" encoding="UTF-8"?>
<!-- Generated by org.testng.reporters.JUnitReportReporter -->
<testsuite hostname="admin-PC" failures="0" tests="3" name="testNGxmlUse.MyClass2" time="0.010" errors="0" timestamp="2023-12-22T13:21:41 IST" skipped="0">
  <testcase classname="testNGxmlUse.MyClass2" name="Tc8" time="0.003">
    <system-out>
      <![CDATA[TC8 is running]]>
    </system-out>
  </testcase> <!-- Tc8 -->
  <testcase classname="testNGxmlUse.MyClass2" name="Tc6" time="0.004">
    <system-out>
      <![CDATA[TC6 is running]]>
    </system-out>
  </testcase> <!-- Tc6 -->
  <testcase classname="testNGxmlUse.MyClass2" name="Tc5" time="0.003">
    <system-out>
      <![CDATA[TC5 is running]]>
    </system-out>
  </testcase> <!-- Tc5 -->
  <system-out>
    <![CDATA[TC1 is running
TC4 is running
TC5 is running
TC6 is running
TC8 is running]]>
  </system-out>
</testsuite> <!-- testNGxmlUse.MyClass2 -->
