<?xml version="1.0" encoding="UTF-8"?>
<!-- Generated by org.testng.reporters.JUnitReportReporter -->
<testsuite hostname="admin-PC" failures="0" tests="3" name="testNGxmlUse.MyClass1" time="0.005" errors="0" timestamp="2023-12-22T13:41:44 IST" skipped="0">
  <testcase classname="testNGxmlUse.MyClass1" name="Tc3" time="0.001">
    <system-out>
      <![CDATA[TC3 is running]]>
    </system-out>
  </testcase> <!-- Tc3 -->
  <testcase classname="testNGxmlUse.MyClass1" name="Tc2" time="0.002">
    <system-out>
      <![CDATA[TC2 is running]]>
    </system-out>
  </testcase> <!-- Tc2 -->
  <testcase classname="testNGxmlUse.MyClass1" name="Tc1" time="0.002">
    <system-out>
      <![CDATA[TC1 is running]]>
    </system-out>
  </testcase> <!-- Tc1 -->
  <system-out>
    <![CDATA[TC6 is running
TC7 is running
TC1 is running
TC2 is running
TC3 is running]]>
  </system-out>
</testsuite> <!-- testNGxmlUse.MyClass1 -->
